# JRE version: OpenJDK Runtime Environment (8.0_162-b12) (build 1.8.0_162-b12)
# Java VM: OpenJDK 64-Bit Server VM (25.162-b12 mixed mode linux-amd64 compressed oops)
Heap:
 PSYoungGen      total 550400K, used 27523K [0x00000000d7100000, 0x00000000fb600000, 0x0000000100000000)
  eden space 510464K, 0% used [0x00000000d7100000,0x00000000d7100000,0x00000000f6380000)
  from space 39936K, 68% used [0x00000000f6800000,0x00000000f82e0f90,0x00000000f8f00000)
  to   space 19968K, 0% used [0x00000000fa280000,0x00000000fa280000,0x00000000fb600000)
 ParOldGen       total 152576K, used 110492K [0x0000000085200000, 0x000000008e700000, 0x00000000d7100000)
  object space 152576K, 72% used [0x0000000085200000,0x000000008bde7238,0x000000008e700000)
 Metaspace       used 24745K, capacity 25066K, committed 25264K, reserved 1071104K
  class space    used 3306K, capacity 3420K, committed 3504K, reserved 1048576K
GC Heap History (10 events):
Event: 7.793 GC heap after
Heap after GC invocations=10 (full 1):
 PSYoungGen      total 304640K, used 19956K [0x00000000d7100000, 0x00000000f1680000, 0x0000000100000000)
  eden space 284672K, 0% used [0x00000000d7100000,0x00000000d7100000,0x00000000e8700000)
  from space 19968K, 99% used [0x00000000e8700000,0x00000000e9a7d2d0,0x00000000e9a80000)
  to   space 28672K, 0% used [0x00000000efa80000,0x00000000efa80000,0x00000000f1680000)
 ParOldGen       total 75264K, used 39580K [0x0000000085200000, 0x0000000089b80000, 0x00000000d7100000)
  object space 75264K, 52% used [0x0000000085200000,0x00000000878a7378,0x0000000089b80000)
 Metaspace       used 24738K, capacity 25066K, committed 25264K, reserved 1071104K
  class space    used 3304K, capacity 3420K, committed 3504K, reserved 1048576K
}
Event: 7.870 GC heap before
{Heap before GC invocations=11 (full 1):
 PSYoungGen      total 304640K, used 304628K [0x00000000d7100000, 0x00000000f1680000, 0x0000000100000000)
  eden space 284672K, 100% used [0x00000000d7100000,0x00000000e8700000,0x00000000e8700000)
  from space 19968K, 99% used [0x00000000e8700000,0x00000000e9a7d2d0,0x00000000e9a80000)
  to   space 28672K, 0% used [0x00000000efa80000,0x00000000efa80000,0x00000000f1680000)
 ParOldGen       total 75264K, used 39580K [0x0000000085200000, 0x0000000089b80000, 0x00000000d7100000)
  object space 75264K, 52% used [0x0000000085200000,0x00000000878a7378,0x0000000089b80000)
 Metaspace       used 24738K, capacity 25066K, committed 25264K, reserved 1071104K
  class space    used 3304K, capacity 3420K, committed 3504K, reserved 1048576K
Event: 7.883 GC heap after
Heap after GC invocations=11 (full 1):
 PSYoungGen      total 395776K, used 28652K [0x00000000d7100000, 0x00000000f4080000, 0x0000000100000000)
  eden space 367104K, 0% used [0x00000000d7100000,0x00000000d7100000,0x00000000ed780000)
  from space 28672K, 99% used [0x00000000efa80000,0x00000000f167b0f0,0x00000000f1680000)
  to   space 35840K, 0% used [0x00000000ed780000,0x00000000ed780000,0x00000000efa80000)
 ParOldGen       total 75264K, used 45828K [0x0000000085200000, 0x0000000089b80000, 0x00000000d7100000)
  object space 75264K, 60% used [0x0000000085200000,0x0000000087ec12c8,0x0000000089b80000)
 Metaspace       used 24738K, capacity 25066K, committed 25264K, reserved 1071104K
  class space    used 3304K, capacity 3420K, committed 3504K, reserved 1048576K
}
Event: 8.032 GC heap before
{Heap before GC invocations=12 (full 1):
 PSYoungGen      total 395776K, used 395756K [0x00000000d7100000, 0x00000000f4080000, 0x0000000100000000)
  eden space 367104K, 100% used [0x00000000d7100000,0x00000000ed780000,0x00000000ed780000)
  from space 28672K, 99% used [0x00000000efa80000,0x00000000f167b0f0,0x00000000f1680000)
  to   space 35840K, 0% used [0x00000000ed780000,0x00000000ed780000,0x00000000efa80000)
 ParOldGen       total 75264K, used 45828K [0x0000000085200000, 0x0000000089b80000, 0x00000000d7100000)
  object space 75264K, 60% used [0x0000000085200000,0x0000000087ec12c8,0x0000000089b80000)
 Metaspace       used 24745K, capacity 25066K, committed 25264K, reserved 1071104K
  class space    used 3306K, capacity 3420K, committed 3504K, reserved 1048576K
Event: 8.057 GC heap after
Heap after GC invocations=12 (full 1):
 PSYoungGen      total 402944K, used 33904K [0x00000000d7100000, 0x00000000fca80000, 0x0000000100000000)
  eden space 367104K, 0% used [0x00000000d7100000,0x00000000d7100000,0x00000000ed780000)
  from space 35840K, 94% used [0x00000000ed780000,0x00000000ef89c368,0x00000000efa80000)
  to   space 40960K, 0% used [0x00000000fa280000,0x00000000fa280000,0x00000000fca80000)
 ParOldGen       total 75264K, used 60401K [0x0000000085200000, 0x0000000089b80000, 0x00000000d7100000)
  object space 75264K, 80% used [0x0000000085200000,0x0000000088cfc540,0x0000000089b80000)
 Metaspace       used 24745K, capacity 25066K, committed 25264K, reserved 1071104K
  class space    used 3306K, capacity 3420K, committed 3504K, reserved 1048576K
}
Event: 8.057 GC heap before
{Heap before GC invocations=13 (full 2):
 PSYoungGen      total 402944K, used 33904K [0x00000000d7100000, 0x00000000fca80000, 0x0000000100000000)
  eden space 367104K, 0% used [0x00000000d7100000,0x00000000d7100000,0x00000000ed780000)
  from space 35840K, 94% used [0x00000000ed780000,0x00000000ef89c368,0x00000000efa80000)
  to   space 40960K, 0% used [0x00000000fa280000,0x00000000fa280000,0x00000000fca80000)
 ParOldGen       total 75264K, used 60401K [0x0000000085200000, 0x0000000089b80000, 0x00000000d7100000)
  object space 75264K, 80% used [0x0000000085200000,0x0000000088cfc540,0x0000000089b80000)
 Metaspace       used 24745K, capacity 25066K, committed 25264K, reserved 1071104K
  class space    used 3306K, capacity 3420K, committed 3504K, reserved 1048576K
Event: 8.275 GC heap after
Heap after GC invocations=13 (full 2):
 PSYoungGen      total 402944K, used 15847K [0x00000000d7100000, 0x00000000fca80000, 0x0000000100000000)
  eden space 367104K, 0% used [0x00000000d7100000,0x00000000d7100000,0x00000000ed780000)
  from space 35840K, 44% used [0x00000000ed780000,0x00000000ee6f9f98,0x00000000efa80000)
  to   space 40960K, 0% used [0x00000000fa280000,0x00000000fa280000,0x00000000fca80000)
 ParOldGen       total 152576K, used 75220K [0x0000000085200000, 0x000000008e700000, 0x00000000d7100000)
  object space 152576K, 49% used [0x0000000085200000,0x0000000089b75178,0x000000008e700000)
 Metaspace       used 24745K, capacity 25066K, committed 25264K, reserved 1071104K
  class space    used 3306K, capacity 3420K, committed 3504K, reserved 1048576K
}
Event: 8.422 GC heap before
{Heap before GC invocations=14 (full 2):
 PSYoungGen      total 402944K, used 382951K [0x00000000d7100000, 0x00000000fca80000, 0x0000000100000000)
  eden space 367104K, 100% used [0x00000000d7100000,0x00000000ed780000,0x00000000ed780000)
  from space 35840K, 44% used [0x00000000ed780000,0x00000000ee6f9f98,0x00000000efa80000)
  to   space 40960K, 0% used [0x00000000fa280000,0x00000000fa280000,0x00000000fca80000)
 ParOldGen       total 152576K, used 75220K [0x0000000085200000, 0x000000008e700000, 0x00000000d7100000)
  object space 152576K, 49% used [0x0000000085200000,0x0000000089b75178,0x000000008e700000)
 Metaspace       used 24745K, capacity 25066K, committed 25264K, reserved 1071104K
  class space    used 3306K, capacity 3420K, committed 3504K, reserved 1048576K
Event: 8.445 GC heap after
Heap after GC invocations=14 (full 2):
 PSYoungGen      total 530432K, used 19749K [0x00000000d7100000, 0x00000000fb600000, 0x0000000100000000)
  eden space 510464K, 0% used [0x00000000d7100000,0x00000000d7100000,0x00000000f6380000)
  from space 19968K, 98% used [0x00000000fa280000,0x00000000fb5c9508,0x00000000fb600000)
  to   space 39936K, 0% used [0x00000000f6800000,0x00000000f6800000,0x00000000f8f00000)
 ParOldGen       total 152576K, used 91090K [0x0000000085200000, 0x000000008e700000, 0x00000000d7100000)
  object space 152576K, 59% used [0x0000000085200000,0x000000008aaf4968,0x000000008e700000)
 Metaspace       used 24745K, capacity 25066K, committed 25264K, reserved 1071104K
  class space    used 3306K, capacity 3420K, committed 3504K, reserved 1048576K
}
Event: 8.620 GC heap before
{Heap before GC invocations=15 (full 2):
 PSYoungGen      total 530432K, used 530213K [0x00000000d7100000, 0x00000000fb600000, 0x0000000100000000)
  eden space 510464K, 100% used [0x00000000d7100000,0x00000000f6380000,0x00000000f6380000)
  from space 19968K, 98% used [0x00000000fa280000,0x00000000fb5c9508,0x00000000fb600000)
  to   space 39936K, 0% used [0x00000000f6800000,0x00000000f6800000,0x00000000f8f00000)
 ParOldGen       total 152576K, used 91090K [0x0000000085200000, 0x000000008e700000, 0x00000000d7100000)
  object space 152576K, 59% used [0x0000000085200000,0x000000008aaf4968,0x000000008e700000)
 Metaspace       used 24745K, capacity 25066K, committed 25264K, reserved 1071104K
  class space    used 3306K, capacity 3420K, committed 3504K, reserved 1048576K

