# JRE version: OpenJDK Runtime Environment (8.0_162-b12) (build 1.8.0_162-b12)
# Java VM: OpenJDK 64-Bit Server VM (25.162-b12 mixed mode linux-amd64 compressed oops)
Heap:
 PSYoungGen      total 141312K, used 2624K [0x00000000d7100000, 0x00000000e0900000, 0x0000000100000000)
  eden space 126976K, 0% used [0x00000000d7100000,0x00000000d7100000,0x00000000ded00000)
  from space 14336K, 18% used [0x00000000ded00000,0x00000000def90000,0x00000000dfb00000)
  to   space 13824K, 0% used [0x00000000dfb80000,0x00000000dfb80000,0x00000000e0900000)
 ParOldGen       total 74240K, used 19716K [0x0000000085200000, 0x0000000089a80000, 0x00000000d7100000)
  object space 74240K, 26% used [0x0000000085200000,0x00000000865410c0,0x0000000089a80000)
 Metaspace       used 21586K, capacity 21824K, committed 22192K, reserved 1069056K
  class space    used 2841K, capacity 2915K, committed 2992K, reserved 1048576K
GC Heap History (10 events):
Event: 2.079 GC heap after
Heap after GC invocations=3 (full 0):
 PSYoungGen      total 36864K, used 5114K [0x00000000d7100000, 0x00000000db900000, 0x0000000100000000)
  eden space 31744K, 0% used [0x00000000d7100000,0x00000000d7100000,0x00000000d9000000)
  from space 5120K, 99% used [0x00000000d9000000,0x00000000d94fe9e0,0x00000000d9500000)
  to   space 5120K, 0% used [0x00000000db400000,0x00000000db400000,0x00000000db900000)
 ParOldGen       total 84992K, used 4598K [0x0000000085200000, 0x000000008a500000, 0x00000000d7100000)
  object space 84992K, 5% used [0x0000000085200000,0x000000008567dbc8,0x000000008a500000)
 Metaspace       used 19476K, capacity 19756K, committed 19968K, reserved 1067008K
  class space    used 2606K, capacity 2709K, committed 2816K, reserved 1048576K
}
Event: 2.382 GC heap before
{Heap before GC invocations=4 (full 0):
 PSYoungGen      total 36864K, used 36858K [0x00000000d7100000, 0x00000000db900000, 0x0000000100000000)
  eden space 31744K, 100% used [0x00000000d7100000,0x00000000d9000000,0x00000000d9000000)
  from space 5120K, 99% used [0x00000000d9000000,0x00000000d94fe9e0,0x00000000d9500000)
  to   space 5120K, 0% used [0x00000000db400000,0x00000000db400000,0x00000000db900000)
 ParOldGen       total 84992K, used 4598K [0x0000000085200000, 0x000000008a500000, 0x00000000d7100000)
  object space 84992K, 5% used [0x0000000085200000,0x000000008567dbc8,0x000000008a500000)
 Metaspace       used 19709K, capacity 19984K, committed 20224K, reserved 1067008K
  class space    used 2609K, capacity 2715K, committed 2816K, reserved 1048576K
Event: 2.400 GC heap after
Heap after GC invocations=4 (full 0):
 PSYoungGen      total 68608K, used 5101K [0x00000000d7100000, 0x00000000db900000, 0x0000000100000000)
  eden space 63488K, 0% used [0x00000000d7100000,0x00000000d7100000,0x00000000daf00000)
  from space 5120K, 99% used [0x00000000db400000,0x00000000db8fb648,0x00000000db900000)
  to   space 5120K, 0% used [0x00000000daf00000,0x00000000daf00000,0x00000000db400000)
 ParOldGen       total 84992K, used 10815K [0x0000000085200000, 0x000000008a500000, 0x00000000d7100000)
  object space 84992K, 12% used [0x0000000085200000,0x0000000085c8fe10,0x000000008a500000)
 Metaspace       used 19709K, capacity 19984K, committed 20224K, reserved 1067008K
  class space    used 2609K, capacity 2715K, committed 2816K, reserved 1048576K
}
Event: 2.941 GC heap before
{Heap before GC invocations=5 (full 0):
 PSYoungGen      total 68608K, used 68589K [0x00000000d7100000, 0x00000000db900000, 0x0000000100000000)
  eden space 63488K, 100% used [0x00000000d7100000,0x00000000daf00000,0x00000000daf00000)
  from space 5120K, 99% used [0x00000000db400000,0x00000000db8fb648,0x00000000db900000)
  to   space 5120K, 0% used [0x00000000daf00000,0x00000000daf00000,0x00000000db400000)
 ParOldGen       total 84992K, used 10815K [0x0000000085200000, 0x000000008a500000, 0x00000000d7100000)
  object space 84992K, 12% used [0x0000000085200000,0x0000000085c8fe20,0x000000008a500000)
 Metaspace       used 20740K, capacity 21006K, committed 21248K, reserved 1067008K
  class space    used 2722K, capacity 2816K, committed 2816K, reserved 1048576K
Event: 2.954 GC heap after
Heap after GC invocations=5 (full 0):
 PSYoungGen      total 68608K, used 5112K [0x00000000d7100000, 0x00000000e0a00000, 0x0000000100000000)
  eden space 63488K, 0% used [0x00000000d7100000,0x00000000d7100000,0x00000000daf00000)
  from space 5120K, 99% used [0x00000000daf00000,0x00000000db3fe2f0,0x00000000db400000)
  to   space 14848K, 0% used [0x00000000dfb80000,0x00000000dfb80000,0x00000000e0a00000)
 ParOldGen       total 84992K, used 18071K [0x0000000085200000, 0x000000008a500000, 0x00000000d7100000)
  object space 84992K, 21% used [0x0000000085200000,0x00000000863a5fb0,0x000000008a500000)
 Metaspace       used 20740K, capacity 21006K, committed 21248K, reserved 1067008K
  class space    used 2722K, capacity 2816K, committed 2816K, reserved 1048576K
}
Event: 3.020 GC heap before
{Heap before GC invocations=6 (full 0):
 PSYoungGen      total 68608K, used 15138K [0x00000000d7100000, 0x00000000e0a00000, 0x0000000100000000)
  eden space 63488K, 15% used [0x00000000d7100000,0x00000000d7aca6f0,0x00000000daf00000)
  from space 5120K, 99% used [0x00000000daf00000,0x00000000db3fe2f0,0x00000000db400000)
  to   space 14848K, 0% used [0x00000000dfb80000,0x00000000dfb80000,0x00000000e0a00000)
 ParOldGen       total 84992K, used 18071K [0x0000000085200000, 0x000000008a500000, 0x00000000d7100000)
  object space 84992K, 21% used [0x0000000085200000,0x00000000863a5fb0,0x000000008a500000)
 Metaspace       used 21040K, capacity 21236K, committed 21296K, reserved 1067008K
  class space    used 2772K, capacity 2849K, committed 2864K, reserved 1048576K
Event: 3.026 GC heap after
Heap after GC invocations=6 (full 0):
 PSYoungGen      total 140800K, used 5432K [0x00000000d7100000, 0x00000000e0900000, 0x0000000100000000)
  eden space 126976K, 0% used [0x00000000d7100000,0x00000000d7100000,0x00000000ded00000)
  from space 13824K, 39% used [0x00000000dfb80000,0x00000000e00ce2f0,0x00000000e0900000)
  to   space 14336K, 0% used [0x00000000ded00000,0x00000000ded00000,0x00000000dfb00000)
 ParOldGen       total 84992K, used 18071K [0x0000000085200000, 0x000000008a500000, 0x00000000d7100000)
  object space 84992K, 21% used [0x0000000085200000,0x00000000863a5fb0,0x000000008a500000)
 Metaspace       used 21040K, capacity 21236K, committed 21296K, reserved 1067008K
  class space    used 2772K, capacity 2849K, committed 2864K, reserved 1048576K
}
Event: 3.026 GC heap before
{Heap before GC invocations=7 (full 1):
 PSYoungGen      total 140800K, used 5432K [0x00000000d7100000, 0x00000000e0900000, 0x0000000100000000)
  eden space 126976K, 0% used [0x00000000d7100000,0x00000000d7100000,0x00000000ded00000)
  from space 13824K, 39% used [0x00000000dfb80000,0x00000000e00ce2f0,0x00000000e0900000)
  to   space 14336K, 0% used [0x00000000ded00000,0x00000000ded00000,0x00000000dfb00000)
 ParOldGen       total 84992K, used 18071K [0x0000000085200000, 0x000000008a500000, 0x00000000d7100000)
  object space 84992K, 21% used [0x0000000085200000,0x00000000863a5fb0,0x000000008a500000)
 Metaspace       used 21040K, capacity 21236K, committed 21296K, reserved 1067008K
  class space    used 2772K, capacity 2849K, committed 2864K, reserved 1048576K
Event: 3.109 GC heap after
Heap after GC invocations=7 (full 1):
 PSYoungGen      total 140800K, used 0K [0x00000000d7100000, 0x00000000e0900000, 0x0000000100000000)
  eden space 126976K, 0% used [0x00000000d7100000,0x00000000d7100000,0x00000000ded00000)
  from space 13824K, 0% used [0x00000000dfb80000,0x00000000dfb80000,0x00000000e0900000)
  to   space 14336K, 0% used [0x00000000ded00000,0x00000000ded00000,0x00000000dfb00000)
 ParOldGen       total 74240K, used 19706K [0x0000000085200000, 0x0000000089a80000, 0x00000000d7100000)
  object space 74240K, 26% used [0x0000000085200000,0x000000008653e8a8,0x0000000089a80000)
 Metaspace       used 21040K, capacity 21236K, committed 21296K, reserved 1067008K
  class space    used 2772K, capacity 2849K, committed 2864K, reserved 1048576K
}
Event: 3.752 GC heap before
{Heap before GC invocations=8 (full 1):
 PSYoungGen      total 140800K, used 126976K [0x00000000d7100000, 0x00000000e0900000, 0x0000000100000000)
  eden space 126976K, 100% used [0x00000000d7100000,0x00000000ded00000,0x00000000ded00000)
  from space 13824K, 0% used [0x00000000dfb80000,0x00000000dfb80000,0x00000000e0900000)
  to   space 14336K, 0% used [0x00000000ded00000,0x00000000ded00000,0x00000000dfb00000)
 ParOldGen       total 74240K, used 19708K [0x0000000085200000, 0x0000000089a80000, 0x00000000d7100000)
  object space 74240K, 26% used [0x0000000085200000,0x000000008653f0c0,0x0000000089a80000)
 Metaspace       used 21586K, capacity 21824K, committed 22192K, reserved 1069056K
  class space    used 2841K, capacity 2915K, committed 2992K, reserved 1048576K

