# JRE version: OpenJDK Runtime Environment (8.0_162-b12) (build 1.8.0_162-b12)
# Java VM: OpenJDK 64-Bit Server VM (25.162-b12 mixed mode linux-amd64 compressed oops)
Heap:
 PSYoungGen      total 376320K, used 30655K [0x00000000d7100000, 0x00000000f1400000, 0x0000000100000000)
  eden space 336896K, 0% used [0x00000000d7100000,0x00000000d7100000,0x00000000eba00000)
  from space 39424K, 77% used [0x00000000eba00000,0x00000000ed7efc68,0x00000000ee080000)
  to   space 34816K, 0% used [0x00000000ee080000,0x00000000ee080000,0x00000000f0280000)
 ParOldGen       total 79360K, used 70992K [0x0000000085200000, 0x0000000089f80000, 0x00000000d7100000)
  object space 79360K, 89% used [0x0000000085200000,0x0000000089754008,0x0000000089f80000)
 Metaspace       used 24979K, capacity 25338K, committed 25728K, reserved 1071104K
  class space    used 3300K, capacity 3420K, committed 3456K, reserved 1048576K
GC Heap History (10 events):
Event: 5.600 GC heap after
Heap after GC invocations=11 (full 1):
 PSYoungGen      total 190464K, used 14325K [0x00000000d7100000, 0x00000000e3f00000, 0x0000000100000000)
  eden space 176128K, 0% used [0x00000000d7100000,0x00000000d7100000,0x00000000e1d00000)
  from space 14336K, 99% used [0x00000000e2d00000,0x00000000e3afd5a0,0x00000000e3b00000)
  to   space 16384K, 0% used [0x00000000e1d00000,0x00000000e1d00000,0x00000000e2d00000)
 ParOldGen       total 79360K, used 19556K [0x0000000085200000, 0x0000000089f80000, 0x00000000d7100000)
  object space 79360K, 24% used [0x0000000085200000,0x00000000865192c0,0x0000000089f80000)
 Metaspace       used 22376K, capacity 22716K, committed 23040K, reserved 1069056K
  class space    used 2905K, capacity 3013K, committed 3072K, reserved 1048576K
}
Event: 6.575 GC heap before
{Heap before GC invocations=12 (full 1):
 PSYoungGen      total 190464K, used 190453K [0x00000000d7100000, 0x00000000e3f00000, 0x0000000100000000)
  eden space 176128K, 100% used [0x00000000d7100000,0x00000000e1d00000,0x00000000e1d00000)
  from space 14336K, 99% used [0x00000000e2d00000,0x00000000e3afd5a0,0x00000000e3b00000)
  to   space 16384K, 0% used [0x00000000e1d00000,0x00000000e1d00000,0x00000000e2d00000)
 ParOldGen       total 79360K, used 19664K [0x0000000085200000, 0x0000000089f80000, 0x00000000d7100000)
  object space 79360K, 24% used [0x0000000085200000,0x0000000086534320,0x0000000089f80000)
 Metaspace       used 24972K, capacity 25338K, committed 25728K, reserved 1071104K
  class space    used 3299K, capacity 3420K, committed 3456K, reserved 1048576K
Event: 6.594 GC heap after
Heap after GC invocations=12 (full 1):
 PSYoungGen      total 192512K, used 16381K [0x00000000d7100000, 0x00000000e8200000, 0x0000000100000000)
  eden space 176128K, 0% used [0x00000000d7100000,0x00000000d7100000,0x00000000e1d00000)
  from space 16384K, 99% used [0x00000000e1d00000,0x00000000e2cff530,0x00000000e2d00000)
  to   space 24064K, 0% used [0x00000000e6a80000,0x00000000e6a80000,0x00000000e8200000)
 ParOldGen       total 79360K, used 33343K [0x0000000085200000, 0x0000000089f80000, 0x00000000d7100000)
  object space 79360K, 42% used [0x0000000085200000,0x000000008728ffa8,0x0000000089f80000)
 Metaspace       used 24972K, capacity 25338K, committed 25728K, reserved 1071104K
  class space    used 3299K, capacity 3420K, committed 3456K, reserved 1048576K
}
Event: 6.678 GC heap before
{Heap before GC invocations=13 (full 1):
 PSYoungGen      total 192512K, used 192509K [0x00000000d7100000, 0x00000000e8200000, 0x0000000100000000)
  eden space 176128K, 100% used [0x00000000d7100000,0x00000000e1d00000,0x00000000e1d00000)
  from space 16384K, 99% used [0x00000000e1d00000,0x00000000e2cff530,0x00000000e2d00000)
  to   space 24064K, 0% used [0x00000000e6a80000,0x00000000e6a80000,0x00000000e8200000)
 ParOldGen       total 79360K, used 33343K [0x0000000085200000, 0x0000000089f80000, 0x00000000d7100000)
  object space 79360K, 42% used [0x0000000085200000,0x000000008728ffa8,0x0000000089f80000)
 Metaspace       used 24972K, capacity 25338K, committed 25728K, reserved 1071104K
  class space    used 3299K, capacity 3420K, committed 3456K, reserved 1048576K
Event: 6.708 GC heap after
Heap after GC invocations=13 (full 1):
 PSYoungGen      total 251904K, used 23287K [0x00000000d7100000, 0x00000000ea500000, 0x0000000100000000)
  eden space 227840K, 0% used [0x00000000d7100000,0x00000000d7100000,0x00000000e4f80000)
  from space 24064K, 96% used [0x00000000e6a80000,0x00000000e813dd50,0x00000000e8200000)
  to   space 27648K, 0% used [0x00000000e4f80000,0x00000000e4f80000,0x00000000e6a80000)
 ParOldGen       total 79360K, used 35895K [0x0000000085200000, 0x0000000089f80000, 0x00000000d7100000)
  object space 79360K, 45% used [0x0000000085200000,0x000000008750dfa8,0x0000000089f80000)
 Metaspace       used 24972K, capacity 25338K, committed 25728K, reserved 1071104K
  class space    used 3299K, capacity 3420K, committed 3456K, reserved 1048576K
}
Event: 6.799 GC heap before
{Heap before GC invocations=14 (full 1):
 PSYoungGen      total 251904K, used 251127K [0x00000000d7100000, 0x00000000ea500000, 0x0000000100000000)
  eden space 227840K, 100% used [0x00000000d7100000,0x00000000e4f80000,0x00000000e4f80000)
  from space 24064K, 96% used [0x00000000e6a80000,0x00000000e813dd50,0x00000000e8200000)
  to   space 27648K, 0% used [0x00000000e4f80000,0x00000000e4f80000,0x00000000e6a80000)
 ParOldGen       total 79360K, used 35895K [0x0000000085200000, 0x0000000089f80000, 0x00000000d7100000)
  object space 79360K, 45% used [0x0000000085200000,0x000000008750dfa8,0x0000000089f80000)
 Metaspace       used 24972K, capacity 25338K, committed 25728K, reserved 1071104K
  class space    used 3299K, capacity 3420K, committed 3456K, reserved 1048576K
Event: 6.820 GC heap after
Heap after GC invocations=14 (full 1):
 PSYoungGen      total 255488K, used 27636K [0x00000000d7100000, 0x00000000f0280000, 0x0000000100000000)
  eden space 227840K, 0% used [0x00000000d7100000,0x00000000d7100000,0x00000000e4f80000)
  from space 27648K, 99% used [0x00000000e4f80000,0x00000000e6a7d3d8,0x00000000e6a80000)
  to   space 34816K, 0% used [0x00000000ee080000,0x00000000ee080000,0x00000000f0280000)
 ParOldGen       total 79360K, used 43246K [0x0000000085200000, 0x0000000089f80000, 0x00000000d7100000)
  object space 79360K, 54% used [0x0000000085200000,0x0000000087c3b948,0x0000000089f80000)
 Metaspace       used 24972K, capacity 25338K, committed 25728K, reserved 1071104K
  class space    used 3299K, capacity 3420K, committed 3456K, reserved 1048576K
}
Event: 6.879 GC heap before
{Heap before GC invocations=15 (full 1):
 PSYoungGen      total 255488K, used 255476K [0x00000000d7100000, 0x00000000f0280000, 0x0000000100000000)
  eden space 227840K, 100% used [0x00000000d7100000,0x00000000e4f80000,0x00000000e4f80000)
  from space 27648K, 99% used [0x00000000e4f80000,0x00000000e6a7d3d8,0x00000000e6a80000)
  to   space 34816K, 0% used [0x00000000ee080000,0x00000000ee080000,0x00000000f0280000)
 ParOldGen       total 79360K, used 43246K [0x0000000085200000, 0x0000000089f80000, 0x00000000d7100000)
  object space 79360K, 54% used [0x0000000085200000,0x0000000087c3b948,0x0000000089f80000)
 Metaspace       used 24972K, capacity 25338K, committed 25728K, reserved 1071104K
  class space    used 3299K, capacity 3420K, committed 3456K, reserved 1048576K
Event: 6.923 GC heap after
Heap after GC invocations=15 (full 1):
 PSYoungGen      total 371712K, used 31308K [0x00000000d7100000, 0x00000000f1400000, 0x0000000100000000)
  eden space 336896K, 0% used [0x00000000d7100000,0x00000000d7100000,0x00000000eba00000)
  from space 34816K, 89% used [0x00000000ee080000,0x00000000eff13128,0x00000000f0280000)
  to   space 39424K, 0% used [0x00000000eba00000,0x00000000eba00000,0x00000000ee080000)
 ParOldGen       total 79360K, used 52008K [0x0000000085200000, 0x0000000089f80000, 0x00000000d7100000)
  object space 79360K, 65% used [0x0000000085200000,0x00000000884ca1b8,0x0000000089f80000)
 Metaspace       used 24972K, capacity 25338K, committed 25728K, reserved 1071104K
  class space    used 3299K, capacity 3420K, committed 3456K, reserved 1048576K
}
Event: 7.067 GC heap before
{Heap before GC invocations=16 (full 1):
 PSYoungGen      total 371712K, used 368204K [0x00000000d7100000, 0x00000000f1400000, 0x0000000100000000)
  eden space 336896K, 100% used [0x00000000d7100000,0x00000000eba00000,0x00000000eba00000)
  from space 34816K, 89% used [0x00000000ee080000,0x00000000eff13128,0x00000000f0280000)
  to   space 39424K, 0% used [0x00000000eba00000,0x00000000eba00000,0x00000000ee080000)
 ParOldGen       total 79360K, used 52008K [0x0000000085200000, 0x0000000089f80000, 0x00000000d7100000)
  object space 79360K, 65% used [0x0000000085200000,0x00000000884ca1b8,0x0000000089f80000)
 Metaspace       used 24979K, capacity 25338K, committed 25728K, reserved 1071104K
  class space    used 3300K, capacity 3420K, committed 3456K, reserved 1048576K

