# JRE version: OpenJDK Runtime Environment (8.0_162-b12) (build 1.8.0_162-b12)
# Java VM: OpenJDK 64-Bit Server VM (25.162-b12 mixed mode linux-amd64 compressed oops)
Heap:
 PSYoungGen      total 177152K, used 7216K [0x00000000d7100000, 0x00000000e4480000, 0x0000000100000000)
  eden space 161280K, 0% used [0x00000000d7100000,0x00000000d7100000,0x00000000e0e80000)
  from space 15872K, 45% used [0x00000000e0e80000,0x00000000e158c010,0x00000000e1e00000)
  to   space 16384K, 0% used [0x00000000e1e00000,0x00000000e1e00000,0x00000000e2e00000)
 ParOldGen       total 75776K, used 22641K [0x0000000085200000, 0x0000000089c00000, 0x00000000d7100000)
  object space 75776K, 29% used [0x0000000085200000,0x000000008681c788,0x0000000089c00000)
 Metaspace       used 21961K, capacity 22220K, committed 22448K, reserved 1069056K
  class space    used 2894K, capacity 2979K, committed 2992K, reserved 1048576K
GC Heap History (10 events):
Event: 4.358 GC heap after
Heap after GC invocations=5 (full 0):
 PSYoungGen      total 68608K, used 5095K [0x00000000d7100000, 0x00000000e0c00000, 0x0000000100000000)
  eden space 63488K, 0% used [0x00000000d7100000,0x00000000d7100000,0x00000000daf00000)
  from space 5120K, 99% used [0x00000000daf00000,0x00000000db3f9d88,0x00000000db400000)
  to   space 15872K, 0% used [0x00000000dfc80000,0x00000000dfc80000,0x00000000e0c00000)
 ParOldGen       total 84992K, used 20412K [0x0000000085200000, 0x000000008a500000, 0x00000000d7100000)
  object space 84992K, 24% used [0x0000000085200000,0x00000000865ef188,0x000000008a500000)
 Metaspace       used 20944K, capacity 21242K, committed 21296K, reserved 1067008K
  class space    used 2761K, capacity 2848K, committed 2864K, reserved 1048576K
}
Event: 4.358 GC heap before
{Heap before GC invocations=6 (full 1):
 PSYoungGen      total 68608K, used 5095K [0x00000000d7100000, 0x00000000e0c00000, 0x0000000100000000)
  eden space 63488K, 0% used [0x00000000d7100000,0x00000000d7100000,0x00000000daf00000)
  from space 5120K, 99% used [0x00000000daf00000,0x00000000db3f9d88,0x00000000db400000)
  to   space 15872K, 0% used [0x00000000dfc80000,0x00000000dfc80000,0x00000000e0c00000)
 ParOldGen       total 84992K, used 20412K [0x0000000085200000, 0x000000008a500000, 0x00000000d7100000)
  object space 84992K, 24% used [0x0000000085200000,0x00000000865ef188,0x000000008a500000)
 Metaspace       used 20944K, capacity 21242K, committed 21296K, reserved 1067008K
  class space    used 2761K, capacity 2848K, committed 2864K, reserved 1048576K
Event: 4.437 GC heap after
Heap after GC invocations=6 (full 1):
 PSYoungGen      total 68608K, used 0K [0x00000000d7100000, 0x00000000e0c00000, 0x0000000100000000)
  eden space 63488K, 0% used [0x00000000d7100000,0x00000000d7100000,0x00000000daf00000)
  from space 5120K, 0% used [0x00000000daf00000,0x00000000daf00000,0x00000000db400000)
  to   space 15872K, 0% used [0x00000000dfc80000,0x00000000dfc80000,0x00000000e0c00000)
 ParOldGen       total 75776K, used 21013K [0x0000000085200000, 0x0000000089c00000, 0x00000000d7100000)
  object space 75776K, 27% used [0x0000000085200000,0x0000000086685778,0x0000000089c00000)
 Metaspace       used 20944K, capacity 21242K, committed 21296K, reserved 1067008K
  class space    used 2761K, capacity 2848K, committed 2864K, reserved 1048576K
}
Event: 5.202 GC heap before
{Heap before GC invocations=7 (full 1):
 PSYoungGen      total 68608K, used 63488K [0x00000000d7100000, 0x00000000e0c00000, 0x0000000100000000)
  eden space 63488K, 100% used [0x00000000d7100000,0x00000000daf00000,0x00000000daf00000)
  from space 5120K, 0% used [0x00000000daf00000,0x00000000daf00000,0x00000000db400000)
  to   space 15872K, 0% used [0x00000000dfc80000,0x00000000dfc80000,0x00000000e0c00000)
 ParOldGen       total 75776K, used 21013K [0x0000000085200000, 0x0000000089c00000, 0x00000000d7100000)
  object space 75776K, 27% used [0x0000000085200000,0x0000000086685778,0x0000000089c00000)
 Metaspace       used 21908K, capacity 22214K, committed 22448K, reserved 1069056K
  class space    used 2893K, capacity 2978K, committed 2992K, reserved 1048576K
Event: 5.214 GC heap after
Heap after GC invocations=7 (full 1):
 PSYoungGen      total 102912K, used 1728K [0x00000000d7100000, 0x00000000dfe80000, 0x0000000100000000)
  eden space 100864K, 0% used [0x00000000d7100000,0x00000000d7100000,0x00000000dd380000)
  from space 2048K, 84% used [0x00000000dfc80000,0x00000000dfe30000,0x00000000dfe80000)
  to   space 16896K, 0% used [0x00000000ddd80000,0x00000000ddd80000,0x00000000dee00000)
 ParOldGen       total 75776K, used 21021K [0x0000000085200000, 0x0000000089c00000, 0x00000000d7100000)
  object space 75776K, 27% used [0x0000000085200000,0x0000000086687778,0x0000000089c00000)
 Metaspace       used 21908K, capacity 22214K, committed 22448K, reserved 1069056K
  class space    used 2893K, capacity 2978K, committed 2992K, reserved 1048576K
}
Event: 5.621 GC heap before
{Heap before GC invocations=8 (full 1):
 PSYoungGen      total 102912K, used 102592K [0x00000000d7100000, 0x00000000dfe80000, 0x0000000100000000)
  eden space 100864K, 100% used [0x00000000d7100000,0x00000000dd380000,0x00000000dd380000)
  from space 2048K, 84% used [0x00000000dfc80000,0x00000000dfe30000,0x00000000dfe80000)
  to   space 16896K, 0% used [0x00000000ddd80000,0x00000000ddd80000,0x00000000dee00000)
 ParOldGen       total 75776K, used 21021K [0x0000000085200000, 0x0000000089c00000, 0x00000000d7100000)
  object space 75776K, 27% used [0x0000000085200000,0x0000000086687778,0x0000000089c00000)
 Metaspace       used 21935K, capacity 22220K, committed 22448K, reserved 1069056K
  class space    used 2894K, capacity 2979K, committed 2992K, reserved 1048576K
Event: 5.632 GC heap after
Heap after GC invocations=8 (full 1):
 PSYoungGen      total 128000K, used 3552K [0x00000000d7100000, 0x00000000e2e00000, 0x0000000100000000)
  eden space 111104K, 0% used [0x00000000d7100000,0x00000000d7100000,0x00000000ddd80000)
  from space 16896K, 21% used [0x00000000ddd80000,0x00000000de0f8000,0x00000000dee00000)
  to   space 16384K, 0% used [0x00000000e1e00000,0x00000000e1e00000,0x00000000e2e00000)
 ParOldGen       total 75776K, used 21029K [0x0000000085200000, 0x0000000089c00000, 0x00000000d7100000)
  object space 75776K, 27% used [0x0000000085200000,0x0000000086689778,0x0000000089c00000)
 Metaspace       used 21935K, capacity 22220K, committed 22448K, reserved 1069056K
  class space    used 2894K, capacity 2979K, committed 2992K, reserved 1048576K
}
Event: 5.981 GC heap before
{Heap before GC invocations=9 (full 1):
 PSYoungGen      total 128000K, used 114656K [0x00000000d7100000, 0x00000000e2e00000, 0x0000000100000000)
  eden space 111104K, 100% used [0x00000000d7100000,0x00000000ddd80000,0x00000000ddd80000)
  from space 16896K, 21% used [0x00000000ddd80000,0x00000000de0f8000,0x00000000dee00000)
  to   space 16384K, 0% used [0x00000000e1e00000,0x00000000e1e00000,0x00000000e2e00000)
 ParOldGen       total 75776K, used 21029K [0x0000000085200000, 0x0000000089c00000, 0x00000000d7100000)
  object space 75776K, 27% used [0x0000000085200000,0x0000000086689778,0x0000000089c00000)
 Metaspace       used 21958K, capacity 22220K, committed 22448K, reserved 1069056K
  class space    used 2894K, capacity 2979K, committed 2992K, reserved 1048576K
Event: 6.004 GC heap after
Heap after GC invocations=9 (full 1):
 PSYoungGen      total 177664K, used 5720K [0x00000000d7100000, 0x00000000e4480000, 0x0000000100000000)
  eden space 161280K, 0% used [0x00000000d7100000,0x00000000d7100000,0x00000000e0e80000)
  from space 16384K, 34% used [0x00000000e1e00000,0x00000000e2396010,0x00000000e2e00000)
  to   space 15872K, 0% used [0x00000000e0e80000,0x00000000e0e80000,0x00000000e1e00000)
 ParOldGen       total 75776K, used 21037K [0x0000000085200000, 0x0000000089c00000, 0x00000000d7100000)
  object space 75776K, 27% used [0x0000000085200000,0x000000008668b778,0x0000000089c00000)
 Metaspace       used 21958K, capacity 22220K, committed 22448K, reserved 1069056K
  class space    used 2894K, capacity 2979K, committed 2992K, reserved 1048576K
}
Event: 6.749 GC heap before
{Heap before GC invocations=10 (full 1):
 PSYoungGen      total 177664K, used 167000K [0x00000000d7100000, 0x00000000e4480000, 0x0000000100000000)
  eden space 161280K, 100% used [0x00000000d7100000,0x00000000e0e80000,0x00000000e0e80000)
  from space 16384K, 34% used [0x00000000e1e00000,0x00000000e2396010,0x00000000e2e00000)
  to   space 15872K, 0% used [0x00000000e0e80000,0x00000000e0e80000,0x00000000e1e00000)
 ParOldGen       total 75776K, used 21037K [0x0000000085200000, 0x0000000089c00000, 0x00000000d7100000)
  object space 75776K, 27% used [0x0000000085200000,0x000000008668b778,0x0000000089c00000)
 Metaspace       used 21961K, capacity 22220K, committed 22448K, reserved 1069056K
  class space    used 2894K, capacity 2979K, committed 2992K, reserved 1048576K

