# JRE version: OpenJDK Runtime Environment (8.0_144-b01) (build 1.8.0_144-b01)
# Java VM: OpenJDK 64-Bit Server VM (25.144-b01 mixed mode linux-amd64 compressed oops)
Heap:
 PSYoungGen      total 603648K, used 514K [0x00000000d7100000, 0x0000000100000000, 0x0000000100000000)
  eden space 544768K, 0% used [0x00000000d7100000,0x00000000d7100000,0x00000000f8500000)
  from space 58880K, 0% used [0x00000000fc680000,0x00000000fc700a18,0x0000000100000000)
  to   space 62976K, 0% used [0x00000000f8500000,0x00000000f8500000,0x00000000fc280000)
 ParOldGen       total 324096K, used 323953K [0x0000000085200000, 0x0000000098e80000, 0x00000000d7100000)
  object space 324096K, 99% used [0x0000000085200000,0x0000000098e5c628,0x0000000098e80000)
 Metaspace       used 23926K, capacity 24246K, committed 24448K, reserved 1071104K
  class space    used 3053K, capacity 3152K, committed 3200K, reserved 1048576K
GC Heap History (10 events):
Event: 107.678 GC heap after
Heap after GC invocations=18 (full 3):
 PSYoungGen      total 625152K, used 38955K [0x00000000d7100000, 0x0000000100000000, 0x0000000100000000)
  eden space 585728K, 0% used [0x00000000d7100000,0x00000000d7100000,0x00000000fad00000)
  from space 39424K, 98% used [0x00000000fad00000,0x00000000fd30af50,0x00000000fd380000)
  to   space 45568K, 0% used [0x00000000fd380000,0x00000000fd380000,0x0000000100000000)
 ParOldGen       total 212992K, used 159764K [0x0000000085200000, 0x0000000092200000, 0x00000000d7100000)
  object space 212992K, 75% used [0x0000000085200000,0x000000008ee050d8,0x0000000092200000)
 Metaspace       used 23785K, capacity 24054K, committed 24192K, reserved 1071104K
  class space    used 3048K, capacity 3152K, committed 3200K, reserved 1048576K
}
Event: 151.714 GC heap before
{Heap before GC invocations=19 (full 3):
 PSYoungGen      total 625152K, used 624683K [0x00000000d7100000, 0x0000000100000000, 0x0000000100000000)
  eden space 585728K, 100% used [0x00000000d7100000,0x00000000fad00000,0x00000000fad00000)
  from space 39424K, 98% used [0x00000000fad00000,0x00000000fd30af50,0x00000000fd380000)
  to   space 45568K, 0% used [0x00000000fd380000,0x00000000fd380000,0x0000000100000000)
 ParOldGen       total 212992K, used 159764K [0x0000000085200000, 0x0000000092200000, 0x00000000d7100000)
  object space 212992K, 75% used [0x0000000085200000,0x000000008ee050d8,0x0000000092200000)
 Metaspace       used 23862K, capacity 24182K, committed 24448K, reserved 1071104K
  class space    used 3053K, capacity 3152K, committed 3200K, reserved 1048576K
Event: 151.805 GC heap after
Heap after GC invocations=19 (full 3):
 PSYoungGen      total 608768K, used 42041K [0x00000000d7100000, 0x0000000100000000, 0x0000000100000000)
  eden space 563200K, 0% used [0x00000000d7100000,0x00000000d7100000,0x00000000f9700000)
  from space 45568K, 92% used [0x00000000fd380000,0x00000000ffc8e738,0x0000000100000000)
  to   space 53760K, 0% used [0x00000000f9700000,0x00000000f9700000,0x00000000fcb80000)
 ParOldGen       total 212992K, used 198543K [0x0000000085200000, 0x0000000092200000, 0x00000000d7100000)
  object space 212992K, 93% used [0x0000000085200000,0x00000000913e3c58,0x0000000092200000)
 Metaspace       used 23862K, capacity 24182K, committed 24448K, reserved 1071104K
  class space    used 3053K, capacity 3152K, committed 3200K, reserved 1048576K
}
Event: 151.805 GC heap before
{Heap before GC invocations=20 (full 4):
 PSYoungGen      total 608768K, used 42041K [0x00000000d7100000, 0x0000000100000000, 0x0000000100000000)
  eden space 563200K, 0% used [0x00000000d7100000,0x00000000d7100000,0x00000000f9700000)
  from space 45568K, 92% used [0x00000000fd380000,0x00000000ffc8e738,0x0000000100000000)
  to   space 53760K, 0% used [0x00000000f9700000,0x00000000f9700000,0x00000000fcb80000)
 ParOldGen       total 212992K, used 198543K [0x0000000085200000, 0x0000000092200000, 0x00000000d7100000)
  object space 212992K, 93% used [0x0000000085200000,0x00000000913e3c58,0x0000000092200000)
 Metaspace       used 23862K, capacity 24182K, committed 24448K, reserved 1071104K
  class space    used 3053K, capacity 3152K, committed 3200K, reserved 1048576K
Event: 152.429 GC heap after
Heap after GC invocations=20 (full 4):
 PSYoungGen      total 608768K, used 24951K [0x00000000d7100000, 0x0000000100000000, 0x0000000100000000)
  eden space 563200K, 0% used [0x00000000d7100000,0x00000000d7100000,0x00000000f9700000)
  from space 45568K, 54% used [0x00000000fd380000,0x00000000febdde98,0x0000000100000000)
  to   space 53760K, 0% used [0x00000000f9700000,0x00000000f9700000,0x00000000fcb80000)
 ParOldGen       total 324096K, used 212910K [0x0000000085200000, 0x0000000098e80000, 0x00000000d7100000)
  object space 324096K, 65% used [0x0000000085200000,0x00000000921eb840,0x0000000098e80000)
 Metaspace       used 23862K, capacity 24182K, committed 24448K, reserved 1071104K
  class space    used 3053K, capacity 3152K, committed 3200K, reserved 1048576K
}
Event: 159.195 GC heap before
{Heap before GC invocations=21 (full 4):
 PSYoungGen      total 608768K, used 588151K [0x00000000d7100000, 0x0000000100000000, 0x0000000100000000)
  eden space 563200K, 100% used [0x00000000d7100000,0x00000000f9700000,0x00000000f9700000)
  from space 45568K, 54% used [0x00000000fd380000,0x00000000febdde98,0x0000000100000000)
  to   space 53760K, 0% used [0x00000000f9700000,0x00000000f9700000,0x00000000fcb80000)
 ParOldGen       total 324096K, used 212910K [0x0000000085200000, 0x0000000098e80000, 0x00000000d7100000)
  object space 324096K, 65% used [0x0000000085200000,0x00000000921eb840,0x0000000098e80000)
 Metaspace       used 23912K, capacity 24246K, committed 24448K, reserved 1071104K
  class space    used 3053K, capacity 3152K, committed 3200K, reserved 1048576K
Event: 159.297 GC heap after
Heap after GC invocations=21 (full 4):
 PSYoungGen      total 608256K, used 44724K [0x00000000d7100000, 0x0000000100000000, 0x0000000100000000)
  eden space 563200K, 0% used [0x00000000d7100000,0x00000000d7100000,0x00000000f9700000)
  from space 45056K, 99% used [0x00000000f9700000,0x00000000fc2ad090,0x00000000fc300000)
  to   space 58880K, 0% used [0x00000000fc680000,0x00000000fc680000,0x0000000100000000)
 ParOldGen       total 324096K, used 238238K [0x0000000085200000, 0x0000000098e80000, 0x00000000d7100000)
  object space 324096K, 73% used [0x0000000085200000,0x0000000093aa7840,0x0000000098e80000)
 Metaspace       used 23912K, capacity 24246K, committed 24448K, reserved 1071104K
  class space    used 3053K, capacity 3152K, committed 3200K, reserved 1048576K
}
Event: 166.897 GC heap before
{Heap before GC invocations=22 (full 4):
 PSYoungGen      total 608256K, used 607924K [0x00000000d7100000, 0x0000000100000000, 0x0000000100000000)
  eden space 563200K, 100% used [0x00000000d7100000,0x00000000f9700000,0x00000000f9700000)
  from space 45056K, 99% used [0x00000000f9700000,0x00000000fc2ad090,0x00000000fc300000)
  to   space 58880K, 0% used [0x00000000fc680000,0x00000000fc680000,0x0000000100000000)
 ParOldGen       total 324096K, used 238238K [0x0000000085200000, 0x0000000098e80000, 0x00000000d7100000)
  object space 324096K, 73% used [0x0000000085200000,0x0000000093aa7840,0x0000000098e80000)
 Metaspace       used 23926K, capacity 24246K, committed 24448K, reserved 1071104K
  class space    used 3053K, capacity 3152K, committed 3200K, reserved 1048576K
Event: 167.064 GC heap after
Heap after GC invocations=22 (full 4):
 PSYoungGen      total 603648K, used 44593K [0x00000000d7100000, 0x0000000100000000, 0x0000000100000000)
  eden space 544768K, 0% used [0x00000000d7100000,0x00000000d7100000,0x00000000f8500000)
  from space 58880K, 75% used [0x00000000fc680000,0x00000000ff20c528,0x0000000100000000)
  to   space 62976K, 0% used [0x00000000f8500000,0x00000000f8500000,0x00000000fc280000)
 ParOldGen       total 324096K, used 283385K [0x0000000085200000, 0x0000000098e80000, 0x00000000d7100000)
  object space 324096K, 87% used [0x0000000085200000,0x00000000966be7e0,0x0000000098e80000)
 Metaspace       used 23926K, capacity 24246K, committed 24448K, reserved 1071104K
  class space    used 3053K, capacity 3152K, committed 3200K, reserved 1048576K
}
Event: 167.064 GC heap before
{Heap before GC invocations=23 (full 5):
 PSYoungGen      total 603648K, used 44593K [0x00000000d7100000, 0x0000000100000000, 0x0000000100000000)
  eden space 544768K, 0% used [0x00000000d7100000,0x00000000d7100000,0x00000000f8500000)
  from space 58880K, 75% used [0x00000000fc680000,0x00000000ff20c528,0x0000000100000000)
  to   space 62976K, 0% used [0x00000000f8500000,0x00000000f8500000,0x00000000fc280000)
 ParOldGen       total 324096K, used 283385K [0x0000000085200000, 0x0000000098e80000, 0x00000000d7100000)
  object space 324096K, 87% used [0x0000000085200000,0x00000000966be7e0,0x0000000098e80000)
 Metaspace       used 23926K, capacity 24246K, committed 24448K, reserved 1071104K
  class space    used 3053K, capacity 3152K, committed 3200K, reserved 1048576K

